c:\users\alias\dropbox\noisegen\noisegen\x64\debug\vc140.pdb
c:\users\alias\dropbox\noisegen\noisegen\x64\debug\vc140.idb
c:\users\alias\dropbox\gpunoisegen\noisegen\x64\debug\vc140.pdb
c:\users\john\dropbox\gpunoisegen\noisegen\x64\debug\vc140.pdb
c:\users\john\dropbox\gpunoisegen\noisegen\x64\debug\vc140.idb
c:\users\john\dropbox\gpunoisegen\noisegen\x64\debug\gui.obj
c:\users\john\dropbox\gpunoisegen\noisegen\x64\debug\noisegen.obj
c:\users\john\dropbox\gpunoisegen\noisegen\x64\debug\rendermain.obj
c:\users\john\dropbox\gpunoisegen\noisegen\x64\debug\core.obj
c:\users\john\dropbox\gpunoisegen\noisegen\x64\debug\fileio.obj
c:\users\john\dropbox\gpunoisegen\noisegen\x64\debug\imgui.obj
c:\users\john\dropbox\gpunoisegen\noisegen\x64\debug\imgui_demo.obj
c:\users\john\dropbox\gpunoisegen\noisegen\x64\debug\imgui_draw.obj
c:\users\john\dropbox\gpunoisegen\noisegen\x64\debug\imgui_impl_dx11.obj
c:\users\john\dropbox\gpunoisegen\noisegen\x64\debug\rhi.obj
c:\users\john\dropbox\gpunoisegen\noisegen\x64\debug\dx11_rhi.obj
c:\users\john\dropbox\gpunoisegen\noisegen\x64\debug\pcinputenum.obj
c:\users\john\dropbox\gpunoisegen\noisegen\x64\debug\winmain.obj
c:\users\john\dropbox\gpunoisegen\noisegen\x64\debug\lz4.obj
c:\users\john\dropbox\gpunoisegen\noisegen\x64\debug\lz4frame.obj
c:\users\john\dropbox\gpunoisegen\noisegen\x64\debug\lz4hc.obj
c:\users\john\dropbox\gpunoisegen\noisegen\x64\debug\xxhash.obj
c:\users\alias\dropbox\noisegen\x64\debug\noisegen.ilk
c:\users\alias\dropbox\noisegen\x64\debug\noisegen.exe
c:\users\alias\dropbox\noisegen\x64\debug\noisegen.pdb
c:\users\alias\dropbox\gpunoisegen\x64\debug\noisegen.ilk
c:\users\alias\dropbox\gpunoisegen\x64\debug\noisegen.exe
c:\users\alias\dropbox\gpunoisegen\x64\debug\noisegen.pdb
c:\users\john\dropbox\gpunoisegen\x64\debug\noisegen.ilk
c:\users\john\dropbox\gpunoisegen\x64\debug\noisegen.exe
c:\users\john\dropbox\gpunoisegen\x64\debug\noisegen.pdb
c:\users\alias\dropbox\gpunoisegen\x64\debug\main.cso
c:\users\john\dropbox\gpunoisegen\x64\debug\main.cso
c:\users\john\dropbox\gpunoisegen\noisegen\x64\debug\noisegen.res
c:\users\alias\dropbox\gpunoisegen\noisegen\x64\debug\core.obj
c:\users\alias\dropbox\gpunoisegen\noisegen\x64\debug\dx11_rhi.obj
c:\users\alias\dropbox\gpunoisegen\noisegen\x64\debug\fileio.obj
c:\users\alias\dropbox\gpunoisegen\noisegen\x64\debug\gui.obj
c:\users\alias\dropbox\gpunoisegen\noisegen\x64\debug\imgui.obj
c:\users\alias\dropbox\gpunoisegen\noisegen\x64\debug\imgui_demo.obj
c:\users\alias\dropbox\gpunoisegen\noisegen\x64\debug\imgui_draw.obj
c:\users\alias\dropbox\gpunoisegen\noisegen\x64\debug\imgui_impl_dx11.obj
c:\users\alias\dropbox\gpunoisegen\noisegen\x64\debug\lz4.obj
c:\users\alias\dropbox\gpunoisegen\noisegen\x64\debug\lz4frame.obj
c:\users\alias\dropbox\gpunoisegen\noisegen\x64\debug\lz4hc.obj
c:\users\alias\dropbox\gpunoisegen\noisegen\x64\debug\noisegen.obj
c:\users\alias\dropbox\gpunoisegen\noisegen\x64\debug\pcinputenum.obj
c:\users\alias\dropbox\gpunoisegen\noisegen\x64\debug\rendermain.obj
c:\users\alias\dropbox\gpunoisegen\noisegen\x64\debug\rhi.obj
c:\users\alias\dropbox\gpunoisegen\noisegen\x64\debug\winmain.obj
c:\users\alias\dropbox\gpunoisegen\noisegen\x64\debug\xxhash.obj
c:\users\alias\dropbox\gpunoisegen\noisegen\x64\debug\noisegen.res
c:\users\alias\dropbox\gpunoisegen\noisegen\x64\debug\vc140.idb
c:\users\alias\dropbox\gpunoisegen\noisegen\x64\debug\noisegen.tlog\cl.command.1.tlog
c:\users\alias\dropbox\gpunoisegen\noisegen\x64\debug\noisegen.tlog\cl.read.1.tlog
c:\users\alias\dropbox\gpunoisegen\noisegen\x64\debug\noisegen.tlog\cl.write.1.tlog
c:\users\alias\dropbox\gpunoisegen\noisegen\x64\debug\noisegen.tlog\link.command.1.tlog
c:\users\alias\dropbox\gpunoisegen\noisegen\x64\debug\noisegen.tlog\link.read.1.tlog
c:\users\alias\dropbox\gpunoisegen\noisegen\x64\debug\noisegen.tlog\link.write.1.tlog
c:\users\alias\dropbox\gpunoisegen\noisegen\x64\debug\noisegen.tlog\noisegen.write.1u.tlog
c:\users\alias\dropbox\gpunoisegen\noisegen\x64\debug\noisegen.tlog\rc.command.1.tlog
c:\users\alias\dropbox\gpunoisegen\noisegen\x64\debug\noisegen.tlog\rc.read.1.tlog
c:\users\alias\dropbox\gpunoisegen\noisegen\x64\debug\noisegen.tlog\rc.write.1.tlog
